2018-08-05T07:10:25.787Z - normal: Load ~/.CocosCreator/settings.json
2018-08-05T07:10:25.791Z - normal: checking language setting...
2018-08-05T07:10:25.791Z - normal: Language: zh
2018-08-05T07:10:26.348Z - success: protocol editor-framework registered
2018-08-05T07:10:26.348Z - success: protocol app registered
2018-08-05T07:10:26.348Z - success: protocol theme registered
2018-08-05T07:10:26.349Z - success: protocol packages registered
2018-08-05T07:10:26.349Z - success: protocol unpack registerred
2018-08-05T07:10:26.349Z - success: protocol disable-commonjs registerred
2018-08-05T07:10:26.472Z - normal: connected!
2018-08-05T07:10:26.475Z - normal: Check project /Volumes/Document/Cocos/FlappyBird
2018-08-05T07:10:26.479Z - normal: Initializing project /Volumes/Document/Cocos/FlappyBird
2018-08-05T07:10:26.483Z - normal: Initializing Cocos2d
2018-08-05T07:10:27.222Z - normal: Initializing Asset Database
2018-08-05T07:10:27.279Z - success: protocol uuid registerred
2018-08-05T07:10:27.279Z - success: protocol db registerred
2018-08-05T07:10:27.279Z - success: protocol thumbnail registerred
2018-08-05T07:10:27.279Z - normal: Loading editor/builtin packages
2018-08-05T07:10:27.441Z - success: assets loaded
2018-08-05T07:10:27.446Z - success: builder loaded
2018-08-05T07:10:27.449Z - success: cocos-analytics loaded
2018-08-05T07:10:27.454Z - success: console loaded
2018-08-05T07:10:27.491Z - success: fb-instant-games loaded
2018-08-05T07:10:27.498Z - success: hierarchy loaded
2018-08-05T07:10:27.503Z - success: inspector loaded
2018-08-05T07:10:27.505Z - success: keystore loaded
2018-08-05T07:10:27.512Z - success: node-library loaded
2018-08-05T07:10:27.515Z - success: package-asset loaded
2018-08-05T07:10:27.516Z - success: preferences loaded
2018-08-05T07:10:27.520Z - success: project-exporter loaded
2018-08-05T07:10:27.540Z - success: project-importer loaded
2018-08-05T07:10:27.544Z - success: project-settings loaded
2018-08-05T07:10:27.549Z - success: ui-kit loaded
2018-08-05T07:10:27.554Z - success: scene loaded
2018-08-05T07:10:27.556Z - success: sprite-editor loaded
2018-08-05T07:10:27.560Z - success: store loaded
2018-08-05T07:10:27.566Z - success: timeline loaded
2018-08-05T07:10:27.567Z - normal: Loading builtin packages
2018-08-05T07:10:27.571Z - success: asset-db-debugger loaded
2018-08-05T07:10:27.573Z - success: color-picker loaded
2018-08-05T07:10:27.574Z - success: jsb-adapter loaded
2018-08-05T07:10:27.579Z - success: package-manager loaded
2018-08-05T07:10:27.580Z - success: qqplay-adapter loaded
2018-08-05T07:10:27.586Z - success: sdkbox loaded
2018-08-05T07:10:27.592Z - success: tester loaded
2018-08-05T07:10:27.598Z - success: ui-grid loaded
2018-08-05T07:10:27.602Z - success: ui-kit-preview-extra loaded
2018-08-05T07:10:27.606Z - success: ui-kit-preview loaded
2018-08-05T07:10:27.611Z - success: ui-tree loaded
2018-08-05T07:10:27.611Z - success: weapp-adapter loaded
2018-08-05T07:10:28.788Z - normal: Loading packages
2018-08-05T07:10:28.795Z - normal: Watching packages
2018-08-05T07:10:28.874Z - normal: Run Application
2018-08-05T07:10:29.407Z - success: preview server running at http://localhost:7456
2018-08-05T07:13:14.116Z - error: scene 没有保存，请先保存相关信息再进行构建。
    at Editor.Ipc.sendToPanel (/Applications/CocosCreator.app/Contents/Resources/app.asar/editor/builtin/builder/panel/builder.js:1:15421)
    at EventEmitter.o.on.n (/Applications/CocosCreator.app/Contents/Resources/app.asar/editor-framework/lib/renderer/ipc.js:1:3753)
    at emitMany (events.js:127:13)
    at EventEmitter.emit (events.js:204:7)
2018-08-05T07:13:18.584Z - normal: Start building with options : {
  "actualPlatform": "wechatgame",
  "apiLevel": "",
  "appABIs": [],
  "appKey": "",
  "appSecret": "",
  "buildPath": "/Volumes/Document/Cocos/FlappyBird/build",
  "debug": false,
  "dest": "/Volumes/Document/Cocos/FlappyBird/build/wechatgame",
  "embedWebDebugger": false,
  "encryptJs": true,
  "excludeScenes": [],
  "excludedModules": [],
  "fb-instant-games": {},
  "includeAnySDK": false,
  "includeSDKBox": false,
  "inlineSpriteFrames": true,
  "inlineSpriteFrames_native": true,
  "jailbreakPlatform": false,
  "md5Cache": false,
  "mergeStartScene": false,
  "oauthLoginServer": "",
  "optimizeHotUpdate": false,
  "orientation": {
    "landscapeLeft": true,
    "landscapeRight": true,
    "portrait": false,
    "upsideDown": false
  },
  "packageName": "org.cocos2d.FlappyBird",
  "platform": "wechatgame",
  "previewHeight": "720",
  "previewWidth": "1280",
  "privateKey": "",
  "qqplay": {
    "REMOTE_SERVER_ROOT": "",
    "orientation": "portrait"
  },
  "scenes": [
    "4680416c-6135-43af-ab94-6d0a96dc1fb6"
  ],
  "sourceMaps": false,
  "startScene": "4680416c-6135-43af-ab94-6d0a96dc1fb6",
  "template": "link",
  "title": "FlappyBird",
  "useDebugKeystore": true,
  "vsVersion": "auto",
  "webOrientation": "auto",
  "wechatgame": {
    "REMOTE_SERVER_ROOT": "",
    "appid": "wx6ac3f5090a6b99c5",
    "isSubdomain": false,
    "orientation": "portrait",
    "subContext": ""
  },
  "xxteaKey": "086e0951-efba-48",
  "zipCompressJs": true,
  "project": "/Volumes/Document/Cocos/FlappyBird",
  "projectName": "FlappyBird",
  "debugBuildWorker": false
}
2018-08-05T07:13:18.587Z - normal: Building /Volumes/Document/Cocos/FlappyBird
2018-08-05T07:13:18.588Z - normal: Destination /Volumes/Document/Cocos/FlappyBird/build/wechatgame
2018-08-05T07:13:18.914Z - normal: Delete /Volumes/Document/Cocos/FlappyBird/build/wechatgame/**/*
2018-08-05T07:13:20.891Z - normal: Start building assets
2018-08-05T07:13:20.891Z - normal: Start spawn build-worker
2018-08-05T07:13:21.572Z - normal: Finish spawn build-worker
2018-08-05T07:13:21.572Z - normal: Start init build-worker
2018-08-05T07:13:24.412Z - normal: Finish init build-worker
2018-08-05T07:13:24.413Z - normal: Start build-assets in worker
2018-08-05T07:13:24.854Z - normal: Finish build-assets in worker
2018-08-05T07:13:24.859Z - normal: Finish building assets
2018-08-05T07:13:24.871Z - normal: Start building plugin scripts
2018-08-05T07:13:24.908Z - normal: Generating main.js from /Applications/CocosCreator.app/Contents/Resources/static/build-templates/shares/main.js
2018-08-05T07:13:26.394Z - normal: Built to "/Volumes/Document/Cocos/FlappyBird/build/wechatgame" successfully
2018-08-05T07:13:28.443Z - normal: Initializing...

2018-08-05T07:13:28.448Z - normal: idePortFile: /Users/xerrors/Library/Application Support/微信web开发者工具/Default/.ide

2018-08-05T07:13:28.462Z - normal: starting ide...

2018-08-05T07:13:31.824Z - normal: IDE server has started, listening on http://127.0.0.1:11696

2018-08-05T07:13:31.830Z - normal: initialization finished

2018-08-05T07:13:32.044Z - normal: open IDE success

2018-08-05T07:15:17.363Z - warn: Error: ipc timeout. message: scene:query-node, session: scene@renderer:3498
2018-08-05T07:15:17.367Z - warn: Error: ipc timeout. message: scene:query-node, session: scene@renderer:3500
2018-08-05T07:22:26.798Z - normal: Start building with options : {
  "actualPlatform": "wechatgame",
  "apiLevel": "",
  "appABIs": [],
  "appKey": "",
  "appSecret": "",
  "buildPath": "/Volumes/Document/Cocos/FlappyBird/build",
  "debug": false,
  "dest": "/Volumes/Document/Cocos/FlappyBird/build/wechatgame",
  "embedWebDebugger": false,
  "encryptJs": true,
  "excludeScenes": [],
  "excludedModules": [],
  "fb-instant-games": {},
  "includeAnySDK": false,
  "includeSDKBox": false,
  "inlineSpriteFrames": true,
  "inlineSpriteFrames_native": true,
  "jailbreakPlatform": false,
  "md5Cache": false,
  "mergeStartScene": false,
  "oauthLoginServer": "",
  "optimizeHotUpdate": false,
  "orientation": {
    "landscapeLeft": true,
    "landscapeRight": true,
    "portrait": false,
    "upsideDown": false
  },
  "packageName": "org.cocos2d.FlappyBird",
  "platform": "wechatgame",
  "previewHeight": "720",
  "previewWidth": "1280",
  "privateKey": "",
  "qqplay": {
    "REMOTE_SERVER_ROOT": "",
    "orientation": "portrait"
  },
  "scenes": [
    "4680416c-6135-43af-ab94-6d0a96dc1fb6"
  ],
  "sourceMaps": false,
  "startScene": "4680416c-6135-43af-ab94-6d0a96dc1fb6",
  "template": "link",
  "title": "FlappyBird",
  "useDebugKeystore": true,
  "vsVersion": "auto",
  "webOrientation": "auto",
  "wechatgame": {
    "REMOTE_SERVER_ROOT": "",
    "appid": "wx6ac3f5090a6b99c5",
    "isSubdomain": false,
    "orientation": "portrait",
    "subContext": ""
  },
  "xxteaKey": "086e0951-efba-48",
  "zipCompressJs": true,
  "project": "/Volumes/Document/Cocos/FlappyBird",
  "projectName": "FlappyBird",
  "debugBuildWorker": false
}
2018-08-05T07:22:26.802Z - normal: Building /Volumes/Document/Cocos/FlappyBird
2018-08-05T07:22:26.802Z - normal: Destination /Volumes/Document/Cocos/FlappyBird/build/wechatgame
2018-08-05T07:22:26.804Z - normal: Delete /Volumes/Document/Cocos/FlappyBird/build/wechatgame/**/*
2018-08-05T07:22:28.903Z - normal: Start building assets
2018-08-05T07:22:28.904Z - normal: Start spawn build-worker
2018-08-05T07:22:29.660Z - normal: Finish spawn build-worker
2018-08-05T07:22:29.660Z - normal: Start init build-worker
2018-08-05T07:22:32.849Z - normal: Finish init build-worker
2018-08-05T07:22:32.850Z - normal: Start build-assets in worker
2018-08-05T07:22:33.300Z - normal: Finish build-assets in worker
2018-08-05T07:22:33.304Z - normal: Finish building assets
2018-08-05T07:22:33.315Z - normal: Start building plugin scripts
2018-08-05T07:22:33.353Z - normal: Generating main.js from /Applications/CocosCreator.app/Contents/Resources/static/build-templates/shares/main.js
2018-08-05T07:22:34.478Z - normal: Built to "/Volumes/Document/Cocos/FlappyBird/build/wechatgame" successfully
2018-08-05T07:22:36.539Z - normal: Initializing...

2018-08-05T07:22:36.547Z - normal: idePortFile: /Users/xerrors/Library/Application Support/微信web开发者工具/Default/.ide

2018-08-05T07:22:36.574Z - normal: IDE server has started, listening on http://127.0.0.1:11696

2018-08-05T07:22:36.575Z - normal: initialization finished

2018-08-05T07:22:36.739Z - normal: open IDE success

2018-08-05T07:25:09.793Z - normal: Start building with options : {
  "actualPlatform": "wechatgame",
  "apiLevel": "",
  "appABIs": [],
  "appKey": "",
  "appSecret": "",
  "buildPath": "/Volumes/Document/Cocos/FlappyBird/build",
  "debug": false,
  "dest": "/Volumes/Document/Cocos/FlappyBird/build/wechatgame",
  "embedWebDebugger": false,
  "encryptJs": true,
  "excludeScenes": [],
  "excludedModules": [],
  "fb-instant-games": {},
  "includeAnySDK": false,
  "includeSDKBox": false,
  "inlineSpriteFrames": true,
  "inlineSpriteFrames_native": true,
  "jailbreakPlatform": false,
  "md5Cache": false,
  "mergeStartScene": false,
  "oauthLoginServer": "",
  "optimizeHotUpdate": false,
  "orientation": {
    "landscapeLeft": true,
    "landscapeRight": true,
    "portrait": false,
    "upsideDown": false
  },
  "packageName": "org.cocos2d.FlappyBird",
  "platform": "wechatgame",
  "previewHeight": "720",
  "previewWidth": "1280",
  "privateKey": "",
  "qqplay": {
    "REMOTE_SERVER_ROOT": "",
    "orientation": "portrait"
  },
  "scenes": [
    "4680416c-6135-43af-ab94-6d0a96dc1fb6"
  ],
  "sourceMaps": false,
  "startScene": "4680416c-6135-43af-ab94-6d0a96dc1fb6",
  "template": "link",
  "title": "FlappyBird",
  "useDebugKeystore": true,
  "vsVersion": "auto",
  "webOrientation": "auto",
  "wechatgame": {
    "REMOTE_SERVER_ROOT": "",
    "appid": "wx6ac3f5090a6b99c5",
    "isSubdomain": false,
    "orientation": "portrait",
    "subContext": ""
  },
  "xxteaKey": "086e0951-efba-48",
  "zipCompressJs": true,
  "project": "/Volumes/Document/Cocos/FlappyBird",
  "projectName": "FlappyBird",
  "debugBuildWorker": false
}
2018-08-05T07:25:09.797Z - normal: Building /Volumes/Document/Cocos/FlappyBird
2018-08-05T07:25:09.797Z - normal: Destination /Volumes/Document/Cocos/FlappyBird/build/wechatgame
2018-08-05T07:25:09.798Z - normal: Delete /Volumes/Document/Cocos/FlappyBird/build/wechatgame/**/*
2018-08-05T07:25:11.842Z - normal: Start building assets
2018-08-05T07:25:11.842Z - normal: Start spawn build-worker
2018-08-05T07:25:12.532Z - normal: Finish spawn build-worker
2018-08-05T07:25:12.532Z - normal: Start init build-worker
2018-08-05T07:25:15.863Z - normal: Finish init build-worker
2018-08-05T07:25:15.864Z - normal: Start build-assets in worker
2018-08-05T07:25:16.312Z - normal: Finish build-assets in worker
2018-08-05T07:25:16.316Z - normal: Finish building assets
2018-08-05T07:25:16.327Z - normal: Start building plugin scripts
2018-08-05T07:25:16.365Z - normal: Generating main.js from /Applications/CocosCreator.app/Contents/Resources/static/build-templates/shares/main.js
2018-08-05T07:25:17.431Z - normal: Built to "/Volumes/Document/Cocos/FlappyBird/build/wechatgame" successfully
2018-08-05T07:25:19.147Z - normal: Initializing...

2018-08-05T07:25:19.153Z - normal: idePortFile: /Users/xerrors/Library/Application Support/微信web开发者工具/Default/.ide

2018-08-05T07:25:19.173Z - normal: IDE server has started, listening on http://127.0.0.1:11696

2018-08-05T07:25:19.174Z - normal: initialization finished

2018-08-05T07:25:19.308Z - normal: open IDE success

2018-08-05T07:27:50.915Z - error: scene 没有保存，请先保存相关信息再进行构建。
    at Editor.Ipc.sendToPanel (/Applications/CocosCreator.app/Contents/Resources/app.asar/editor/builtin/builder/panel/builder.js:1:15421)
    at EventEmitter.o.on.n (/Applications/CocosCreator.app/Contents/Resources/app.asar/editor-framework/lib/renderer/ipc.js:1:3753)
    at emitMany (events.js:127:13)
    at EventEmitter.emit (events.js:204:7)
2018-08-05T07:27:54.036Z - normal: Start building with options : {
  "actualPlatform": "wechatgame",
  "apiLevel": "",
  "appABIs": [],
  "appKey": "",
  "appSecret": "",
  "buildPath": "/Volumes/Document/Cocos/FlappyBird/build",
  "debug": false,
  "dest": "/Volumes/Document/Cocos/FlappyBird/build/wechatgame",
  "embedWebDebugger": false,
  "encryptJs": true,
  "excludeScenes": [],
  "excludedModules": [],
  "fb-instant-games": {},
  "includeAnySDK": false,
  "includeSDKBox": false,
  "inlineSpriteFrames": true,
  "inlineSpriteFrames_native": true,
  "jailbreakPlatform": false,
  "md5Cache": false,
  "mergeStartScene": false,
  "oauthLoginServer": "",
  "optimizeHotUpdate": false,
  "orientation": {
    "landscapeLeft": true,
    "landscapeRight": true,
    "portrait": false,
    "upsideDown": false
  },
  "packageName": "org.cocos2d.FlappyBird",
  "platform": "wechatgame",
  "previewHeight": "720",
  "previewWidth": "1280",
  "privateKey": "",
  "qqplay": {
    "REMOTE_SERVER_ROOT": "",
    "orientation": "portrait"
  },
  "scenes": [
    "4680416c-6135-43af-ab94-6d0a96dc1fb6"
  ],
  "sourceMaps": false,
  "startScene": "4680416c-6135-43af-ab94-6d0a96dc1fb6",
  "template": "link",
  "title": "FlappyBird",
  "useDebugKeystore": true,
  "vsVersion": "auto",
  "webOrientation": "auto",
  "wechatgame": {
    "REMOTE_SERVER_ROOT": "",
    "appid": "wx6ac3f5090a6b99c5",
    "isSubdomain": false,
    "orientation": "portrait",
    "subContext": ""
  },
  "xxteaKey": "086e0951-efba-48",
  "zipCompressJs": true,
  "project": "/Volumes/Document/Cocos/FlappyBird",
  "projectName": "FlappyBird",
  "debugBuildWorker": false
}
2018-08-05T07:27:54.039Z - normal: Building /Volumes/Document/Cocos/FlappyBird
2018-08-05T07:27:54.039Z - normal: Destination /Volumes/Document/Cocos/FlappyBird/build/wechatgame
2018-08-05T07:27:54.041Z - normal: Delete /Volumes/Document/Cocos/FlappyBird/build/wechatgame/**/*
2018-08-05T07:27:56.286Z - normal: Start building assets
2018-08-05T07:27:56.287Z - normal: Start spawn build-worker
2018-08-05T07:27:56.999Z - normal: Finish spawn build-worker
2018-08-05T07:27:56.999Z - normal: Start init build-worker
2018-08-05T07:28:00.161Z - normal: Finish init build-worker
2018-08-05T07:28:00.161Z - normal: Start build-assets in worker
2018-08-05T07:28:00.622Z - normal: Finish build-assets in worker
2018-08-05T07:28:00.627Z - normal: Finish building assets
2018-08-05T07:28:00.642Z - normal: Start building plugin scripts
2018-08-05T07:28:00.683Z - normal: Generating main.js from /Applications/CocosCreator.app/Contents/Resources/static/build-templates/shares/main.js
2018-08-05T07:28:01.812Z - normal: Built to "/Volumes/Document/Cocos/FlappyBird/build/wechatgame" successfully
2018-08-05T07:28:03.445Z - normal: Initializing...

2018-08-05T07:28:03.452Z - normal: idePortFile: /Users/xerrors/Library/Application Support/微信web开发者工具/Default/.ide

2018-08-05T07:28:03.469Z - normal: IDE server has started, listening on http://127.0.0.1:11696

2018-08-05T07:28:03.469Z - normal: initialization finished

2018-08-05T07:28:03.658Z - normal: open IDE success

2018-08-05T07:29:15.942Z - info: shutdown preview server
